2024-04-13 02:18:57,969 [INFO] Activator:178 - 


2024-04-13 02:18:57,993 [INFO] Activator:179 - !SESSION log4j initialized
2024-04-13 02:26:49,365 [INFO] ApplicationProperties:181 - Using Application install path: D:\STMCube\STM32CubeIDE_1.4.0\STM32CubeIDE\plugins\com.st.stm32cube.common.mx_6.0.0.202007160824
2024-04-13 02:26:49,404 [INFO] DbMcusXml:70 - Set database path to: D:\STMCube\STM32CubeIDE_1.4.0\STM32CubeIDE\plugins\com.st.stm32cube.common.mx_6.0.0.202007160824\\db\/mcu/
2024-04-13 02:26:49,410 [INFO] DbBoardsPdsc:56 - Set plugin database path to: D:\STMCube\STM32CubeIDE_1.4.0\STM32CubeIDE\plugins\com.st.stm32cube.common.mx_6.0.0.202007160824\\db\/plugins/boardmanager/
2024-04-13 02:26:49,410 [INFO] DbMcus:258 - Set plugin images path to: D:\STMCube\STM32CubeIDE_1.4.0\STM32CubeIDE\plugins\com.st.stm32cube.common.mx_6.0.0.202007160824\\db\/plugins/mcufinder/images/
2024-04-13 02:26:49,411 [INFO] DbBoards:264 - Set plugin images path to: D:\STMCube\STM32CubeIDE_1.4.0\STM32CubeIDE\plugins\com.st.stm32cube.common.mx_6.0.0.202007160824\\db\/plugins/mcufinder/images/
2024-04-13 02:26:49,414 [INFO] DbExamples:326 - Set plugin images path to: D:\STMCube\STM32CubeIDE_1.4.0\STM32CubeIDE\plugins\com.st.stm32cube.common.mx_6.0.0.202007160824\\db\/plugins/mcufinder/images/
2024-04-13 02:26:49,455 [INFO] DbMcusDocs:112 - Set database path to: C:\Users\lenovo\.stmcufinder\plugins\mcufinder//mcu/
2024-04-13 02:26:49,457 [INFO] DbMcusJson:63 - Set database path to: C:\Users\lenovo\.stmcufinder\plugins\mcufinder//mcu/
2024-04-13 02:26:49,458 [INFO] DbBoardsDocs:112 - Set database path to: C:\Users\lenovo\.stmcufinder\plugins\mcufinder//mcu/
2024-04-13 02:26:49,461 [INFO] DbBoardsJson:56 - Set database path to: C:\Users\lenovo\.stmcufinder\plugins\mcufinder//mcu/
2024-04-13 02:26:49,552 [INFO] CrossReferenceDbSqlite:196 - Set database path to: C:\Users\lenovo\.stmcufinder\plugins\mcufinder//mcu/cs/
2024-04-13 02:26:49,558 [INFO] DbExamplesSqlite:800 - Set database path to: C:\Users\lenovo\.stmcufinder\plugins\mcufinder//mcu/
2024-04-13 02:26:49,789 [INFO] RulesReader:52 - Compatibility file has been processed (209 Rules)
2024-04-13 02:26:50,049 [INFO] MicroXplorer:564 - Detected Java Version = 1.8.0_252
2024-04-13 02:26:50,050 [INFO] DbMcusXml:70 - Set database path to: D:\STMCube\STM32CubeIDE_1.4.0\STM32CubeIDE\plugins\com.st.stm32cube.common.mx_6.0.0.202007160824\\db\/mcu/
2024-04-13 02:26:50,050 [INFO] DbBoardsPdsc:56 - Set plugin database path to: D:\STMCube\STM32CubeIDE_1.4.0\STM32CubeIDE\plugins\com.st.stm32cube.common.mx_6.0.0.202007160824\\db\/plugins/boardmanager/
2024-04-13 02:26:50,051 [INFO] DbMcus:258 - Set plugin images path to: D:\STMCube\STM32CubeIDE_1.4.0\STM32CubeIDE\plugins\com.st.stm32cube.common.mx_6.0.0.202007160824\\db\/plugins/mcufinder/images/
2024-04-13 02:26:50,052 [INFO] DbBoards:264 - Set plugin images path to: D:\STMCube\STM32CubeIDE_1.4.0\STM32CubeIDE\plugins\com.st.stm32cube.common.mx_6.0.0.202007160824\\db\/plugins/mcufinder/images/
2024-04-13 02:26:50,052 [INFO] DbExamples:326 - Set plugin images path to: D:\STMCube\STM32CubeIDE_1.4.0\STM32CubeIDE\plugins\com.st.stm32cube.common.mx_6.0.0.202007160824\\db\/plugins/mcufinder/images/
2024-04-13 02:26:50,052 [WARN] DbFile:36 - Overriding database path with different value: C:\Users\lenovo\.stmcufinder\plugins\mcufinder/ => C:\Users\lenovo\.stmcufinder\plugins\mcufinder
2024-04-13 02:26:50,052 [INFO] DbMcusDocs:112 - Set database path to: C:\Users\lenovo\.stmcufinder\plugins\mcufinder//mcu/
2024-04-13 02:26:50,052 [WARN] DbFile:36 - Overriding database path with different value: C:\Users\lenovo\.stmcufinder\plugins\mcufinder/ => C:\Users\lenovo\.stmcufinder\plugins\mcufinder
2024-04-13 02:26:50,053 [INFO] DbMcusJson:63 - Set database path to: C:\Users\lenovo\.stmcufinder\plugins\mcufinder//mcu/
2024-04-13 02:26:50,053 [WARN] DbFile:36 - Overriding database path with different value: C:\Users\lenovo\.stmcufinder\plugins\mcufinder/ => C:\Users\lenovo\.stmcufinder\plugins\mcufinder
2024-04-13 02:26:50,053 [INFO] DbBoardsDocs:112 - Set database path to: C:\Users\lenovo\.stmcufinder\plugins\mcufinder//mcu/
2024-04-13 02:26:50,053 [WARN] DbFile:36 - Overriding database path with different value: C:\Users\lenovo\.stmcufinder\plugins\mcufinder/ => C:\Users\lenovo\.stmcufinder\plugins\mcufinder
2024-04-13 02:26:50,054 [INFO] DbBoardsJson:56 - Set database path to: C:\Users\lenovo\.stmcufinder\plugins\mcufinder//mcu/
2024-04-13 02:26:50,054 [WARN] DbFile:36 - Overriding database path with different value: C:\Users\lenovo\.stmcufinder\plugins\mcufinder/ => C:\Users\lenovo\.stmcufinder\plugins\mcufinder
2024-04-13 02:26:50,054 [WARN] DbFile:36 - Overriding database path with different value: C:\Users\lenovo\.stmcufinder\plugins\mcufinder/ => C:\Users\lenovo\.stmcufinder\plugins\mcufinder
2024-04-13 02:26:50,054 [INFO] CrossReferenceDbSqlite:196 - Set database path to: C:\Users\lenovo\.stmcufinder\plugins\mcufinder//mcu/cs/
2024-04-13 02:26:50,055 [WARN] DbFile:36 - Overriding database path with different value: C:\Users\lenovo\.stmcufinder\plugins\mcufinder/ => C:\Users\lenovo\.stmcufinder\plugins\mcufinder
2024-04-13 02:26:50,055 [INFO] DbExamplesSqlite:800 - Set database path to: C:\Users\lenovo\.stmcufinder\plugins\mcufinder//mcu/
2024-04-13 02:26:50,289 [INFO] MainPanel:189 - HeapMemory: 998244352
2024-04-13 02:26:50,539 [INFO] DbMcusXml:70 - Set database path to: D:\STMCube\STM32CubeIDE_1.4.0\STM32CubeIDE\plugins\com.st.stm32cube.common.mx_6.0.0.202007160824\\db\/mcu/
2024-04-13 02:26:50,539 [INFO] DbBoardsPdsc:56 - Set plugin database path to: D:\STMCube\STM32CubeIDE_1.4.0\STM32CubeIDE\plugins\com.st.stm32cube.common.mx_6.0.0.202007160824\\db\/plugins/boardmanager/
2024-04-13 02:26:50,540 [INFO] DbMcus:258 - Set plugin images path to: D:\STMCube\STM32CubeIDE_1.4.0\STM32CubeIDE\plugins\com.st.stm32cube.common.mx_6.0.0.202007160824\\db\/plugins/mcufinder/images/
2024-04-13 02:26:50,540 [INFO] DbBoards:264 - Set plugin images path to: D:\STMCube\STM32CubeIDE_1.4.0\STM32CubeIDE\plugins\com.st.stm32cube.common.mx_6.0.0.202007160824\\db\/plugins/mcufinder/images/
2024-04-13 02:26:50,540 [INFO] DbExamples:326 - Set plugin images path to: D:\STMCube\STM32CubeIDE_1.4.0\STM32CubeIDE\plugins\com.st.stm32cube.common.mx_6.0.0.202007160824\\db\/plugins/mcufinder/images/
2024-04-13 02:26:50,541 [WARN] DbFile:36 - Overriding database path with different value: C:\Users\lenovo\.stmcufinder\plugins\mcufinder/ => C:\Users\lenovo\.stmcufinder\plugins\mcufinder
2024-04-13 02:26:50,541 [INFO] DbMcusDocs:112 - Set database path to: C:\Users\lenovo\.stmcufinder\plugins\mcufinder//mcu/
2024-04-13 02:26:50,541 [WARN] DbFile:36 - Overriding database path with different value: C:\Users\lenovo\.stmcufinder\plugins\mcufinder/ => C:\Users\lenovo\.stmcufinder\plugins\mcufinder
2024-04-13 02:26:50,541 [INFO] DbMcusJson:63 - Set database path to: C:\Users\lenovo\.stmcufinder\plugins\mcufinder//mcu/
2024-04-13 02:26:50,541 [WARN] DbFile:36 - Overriding database path with different value: C:\Users\lenovo\.stmcufinder\plugins\mcufinder/ => C:\Users\lenovo\.stmcufinder\plugins\mcufinder
2024-04-13 02:26:50,541 [INFO] DbBoardsDocs:112 - Set database path to: C:\Users\lenovo\.stmcufinder\plugins\mcufinder//mcu/
2024-04-13 02:26:50,541 [WARN] DbFile:36 - Overriding database path with different value: C:\Users\lenovo\.stmcufinder\plugins\mcufinder/ => C:\Users\lenovo\.stmcufinder\plugins\mcufinder
2024-04-13 02:26:50,542 [INFO] DbBoardsJson:56 - Set database path to: C:\Users\lenovo\.stmcufinder\plugins\mcufinder//mcu/
2024-04-13 02:26:50,542 [WARN] DbFile:36 - Overriding database path with different value: C:\Users\lenovo\.stmcufinder\plugins\mcufinder/ => C:\Users\lenovo\.stmcufinder\plugins\mcufinder
2024-04-13 02:26:50,542 [WARN] DbFile:36 - Overriding database path with different value: C:\Users\lenovo\.stmcufinder\plugins\mcufinder/ => C:\Users\lenovo\.stmcufinder\plugins\mcufinder
2024-04-13 02:26:50,542 [INFO] CrossReferenceDbSqlite:196 - Set database path to: C:\Users\lenovo\.stmcufinder\plugins\mcufinder//mcu/cs/
2024-04-13 02:26:50,543 [WARN] DbFile:36 - Overriding database path with different value: C:\Users\lenovo\.stmcufinder\plugins\mcufinder/ => C:\Users\lenovo\.stmcufinder\plugins\mcufinder
2024-04-13 02:26:50,543 [INFO] DbExamplesSqlite:800 - Set database path to: C:\Users\lenovo\.stmcufinder\plugins\mcufinder//mcu/
2024-04-13 02:26:50,577 [INFO] ApplicationProperties:181 - Using Application install path: D:\STMCube\STM32CubeIDE_1.4.0\STM32CubeIDE\plugins\com.st.stm32cube.common.mx_6.0.0.202007160824
2024-04-13 02:26:50,579 [INFO] PluginManage:178 - Search for loadable plugins [exclusion list=, ]
2024-04-13 02:26:50,582 [INFO] PluginManage:292 - Check plugin analytics
2024-04-13 02:26:59,893 [INFO] AnalyticsPlugin:203 - Accepted Software Licenses: 
2024-04-13 02:26:59,894 [INFO] AnalyticsPlugin:205 - Accepted CMSIS Pack Licenses: 
2024-04-13 02:26:59,895 [INFO] AnalyticsPlugin:207 - Accepted Firmware Licenses: 
2024-04-13 02:26:59,895 [INFO] PluginManage:342 - Loaded plugin analytics (category:tool,tabindex:-1)
2024-04-13 02:26:59,896 [INFO] PluginManage:292 - Check plugin clock
2024-04-13 02:26:59,942 [INFO] PluginManage:342 - Loaded plugin clock (category:base,tabindex:2)
2024-04-13 02:26:59,942 [INFO] PluginManage:292 - Check plugin ddr
2024-04-13 02:26:59,954 [INFO] PluginManage:342 - Loaded plugin ddr (category:tool,tabindex:6)
2024-04-13 02:26:59,954 [INFO] PluginManage:292 - Check plugin filemanager
2024-04-13 02:27:00,262 [INFO] PluginManage:342 - Loaded plugin filemanager (category:base,tabindex:10)
2024-04-13 02:27:00,262 [INFO] PluginManage:292 - Check plugin ipmanager
2024-04-13 02:27:00,291 [INFO] PluginManage:342 - Loaded plugin ipmanager (category:base,tabindex:5)
2024-04-13 02:27:00,291 [INFO] PluginManage:292 - Check plugin pinoutandconfiguration
2024-04-13 02:27:00,324 [INFO] PluginManage:342 - Loaded plugin pinoutandconfiguration (category:base,tabindex:1)
2024-04-13 02:27:00,324 [INFO] PluginManage:292 - Check plugin pinoutconfig
2024-04-13 02:27:00,388 [INFO] PluginManage:342 - Loaded plugin pinoutconfig (category:base,tabindex:0)
2024-04-13 02:27:00,389 [INFO] PluginManage:292 - Check plugin power
2024-04-13 02:27:00,458 [INFO] PluginManage:342 - Loaded plugin power (category:power,tabindex:4)
2024-04-13 02:27:00,459 [INFO] PluginManage:292 - Check plugin projectmanager
2024-04-13 02:27:00,479 [INFO] PluginManage:342 - Loaded plugin projectmanager (category:projectmanager,tabindex:3)
2024-04-13 02:27:00,480 [INFO] PluginManage:292 - Check plugin thirdparty
2024-04-13 02:27:00,657 [INFO] ThirdPartyDb:333 - Open Third Party DataBase File (C:/Users/lenovo/.stm32cubemx/plugins/thirdparty/db/thirdparties_db.xml) : 69 ms. number of Sw pack : 45
2024-04-13 02:27:00,663 [INFO] PluginManage:342 - Loaded plugin thirdparty (category:base,tabindex:-1)
2024-04-13 02:27:00,663 [INFO] PluginManage:292 - Check plugin tools
2024-04-13 02:27:00,676 [INFO] PluginManage:342 - Loaded plugin tools (category:base,tabindex:7)
2024-04-13 02:27:00,677 [INFO] PluginManage:292 - Check plugin tutovideos
2024-04-13 02:27:01,053 [INFO] PluginManage:342 - Loaded plugin tutovideos (category:base,tabindex:-1)
2024-04-13 02:27:01,054 [INFO] PluginManage:292 - Check plugin updater
2024-04-13 02:27:01,100 [INFO] PluginManage:342 - Loaded plugin updater (category:base,tabindex:12)
2024-04-13 02:27:01,101 [INFO] PluginManage:265 - PluginManage : Loaded plugins [13]
2024-04-13 02:27:01,455 [INFO] PinOutPanel:1418 - setPackage(No Configuration,No Configuration)
2024-04-13 02:27:01,587 [INFO] IPUIPlugin:64 - create IPUIPlugin
2024-04-13 02:27:01,587 [INFO] PluginManager:200 - loadIPPluginJar : add adc
2024-04-13 02:27:01,599 [INFO] IPUIPlugin:64 - create IPUIPlugin
2024-04-13 02:27:01,599 [INFO] PluginManager:200 - loadIPPluginJar : add aes
2024-04-13 02:27:01,614 [INFO] IPUIPlugin:64 - create IPUIPlugin
2024-04-13 02:27:01,614 [INFO] PluginManager:200 - loadIPPluginJar : add can
2024-04-13 02:27:01,631 [INFO] IPUIPlugin:64 - create IPUIPlugin
2024-04-13 02:27:01,632 [INFO] PluginManager:200 - loadIPPluginJar : add comp
2024-04-13 02:27:01,645 [INFO] IPUIPlugin:64 - create IPUIPlugin
2024-04-13 02:27:01,645 [INFO] PluginManager:200 - loadIPPluginJar : add cryp
2024-04-13 02:27:01,660 [INFO] IPUIPlugin:64 - create IPUIPlugin
2024-04-13 02:27:01,660 [INFO] PluginManager:200 - loadIPPluginJar : add dfsdm
2024-04-13 02:27:01,668 [INFO] IPUIPlugin:64 - create IPUIPlugin
2024-04-13 02:27:01,669 [INFO] PluginManager:200 - loadIPPluginJar : add dma
2024-04-13 02:27:01,672 [INFO] IPUIPlugin:64 - create IPUIPlugin
2024-04-13 02:27:01,673 [INFO] PluginManager:200 - loadIPPluginJar : add fatfs
2024-04-13 02:27:01,679 [INFO] IPUIPlugin:64 - create IPUIPlugin
2024-04-13 02:27:01,679 [INFO] PluginManager:200 - loadIPPluginJar : add fmc
2024-04-13 02:27:01,689 [INFO] IPUIPlugin:64 - create IPUIPlugin
2024-04-13 02:27:01,689 [INFO] PluginManager:200 - loadIPPluginJar : add freertos
2024-04-13 02:27:01,703 [INFO] IPUIPlugin:64 - create IPUIPlugin
2024-04-13 02:27:01,703 [INFO] PluginManager:200 - loadIPPluginJar : add genericplugin
2024-04-13 02:27:01,706 [INFO] IPUIPlugin:64 - create IPUIPlugin
2024-04-13 02:27:01,707 [INFO] PluginManager:200 - loadIPPluginJar : add gfxmmu
2024-04-13 02:27:01,714 [INFO] IPUIPlugin:64 - create IPUIPlugin
2024-04-13 02:27:01,714 [INFO] PluginManager:200 - loadIPPluginJar : add gic
2024-04-13 02:27:01,720 [INFO] IPUIPlugin:64 - create IPUIPlugin
2024-04-13 02:27:01,721 [INFO] PluginManager:200 - loadIPPluginJar : add gpio
2024-04-13 02:27:01,724 [INFO] IPUIPlugin:64 - create IPUIPlugin
2024-04-13 02:27:01,725 [INFO] PluginManager:200 - loadIPPluginJar : add gtzc
2024-04-13 02:27:01,728 [INFO] IPUIPlugin:64 - create IPUIPlugin
2024-04-13 02:27:01,728 [INFO] PluginManager:200 - loadIPPluginJar : add hash
2024-04-13 02:27:01,732 [INFO] IPUIPlugin:64 - create IPUIPlugin
2024-04-13 02:27:01,732 [INFO] PluginManager:200 - loadIPPluginJar : add i2c
2024-04-13 02:27:01,735 [INFO] IPUIPlugin:64 - create IPUIPlugin
2024-04-13 02:27:01,735 [INFO] PluginManager:200 - loadIPPluginJar : add i2s
2024-04-13 02:27:01,739 [INFO] IPUIPlugin:64 - create IPUIPlugin
2024-04-13 02:27:01,739 [INFO] PluginManager:200 - loadIPPluginJar : add ipddr
2024-04-13 02:27:01,752 [INFO] IPUIPlugin:64 - create IPUIPlugin
2024-04-13 02:27:01,752 [INFO] PluginManager:200 - loadIPPluginJar : add ltdc
2024-04-13 02:27:01,757 [INFO] IPUIPlugin:64 - create IPUIPlugin
2024-04-13 02:27:01,758 [INFO] PluginManager:200 - loadIPPluginJar : add mdma
2024-04-13 02:27:01,763 [INFO] IPUIPlugin:64 - create IPUIPlugin
2024-04-13 02:27:01,763 [INFO] PluginManager:200 - loadIPPluginJar : add nvic
2024-04-13 02:27:01,781 [INFO] IPUIPlugin:64 - create IPUIPlugin
2024-04-13 02:27:01,781 [INFO] PluginManager:200 - loadIPPluginJar : add opamp
2024-04-13 02:27:01,785 [INFO] IPUIPlugin:64 - create IPUIPlugin
2024-04-13 02:27:01,786 [INFO] PluginManager:200 - loadIPPluginJar : add openamp
2024-04-13 02:27:01,806 [INFO] IPUIPlugin:64 - create IPUIPlugin
2024-04-13 02:27:01,806 [INFO] PluginManager:200 - loadIPPluginJar : add pdm2pcm
2024-04-13 02:27:01,815 [INFO] IPUIPlugin:64 - create IPUIPlugin
2024-04-13 02:27:01,819 [INFO] PluginManager:200 - loadIPPluginJar : add plateformsettings
2024-04-13 02:27:01,845 [INFO] IPUIPlugin:64 - create IPUIPlugin
2024-04-13 02:27:01,845 [INFO] PluginManager:200 - loadIPPluginJar : add quadspi
2024-04-13 02:27:01,901 [INFO] IPUIPlugin:64 - create IPUIPlugin
2024-04-13 02:27:01,901 [INFO] PluginManager:200 - loadIPPluginJar : add resmgrutility
2024-04-13 02:27:01,907 [INFO] IPUIPlugin:64 - create IPUIPlugin
2024-04-13 02:27:01,908 [INFO] PluginManager:200 - loadIPPluginJar : add sai
2024-04-13 02:27:01,932 [INFO] IPUIPlugin:64 - create IPUIPlugin
2024-04-13 02:27:01,932 [INFO] PluginManager:200 - loadIPPluginJar : add spi
2024-04-13 02:27:01,938 [INFO] IPUIPlugin:64 - create IPUIPlugin
2024-04-13 02:27:01,938 [INFO] PluginManager:200 - loadIPPluginJar : add stm32_wpan
2024-04-13 02:27:01,942 [INFO] IPUIPlugin:64 - create IPUIPlugin
2024-04-13 02:27:01,942 [INFO] PluginManager:200 - loadIPPluginJar : add tim
2024-04-13 02:27:01,947 [INFO] IPUIPlugin:64 - create IPUIPlugin
2024-04-13 02:27:01,947 [INFO] PluginManager:200 - loadIPPluginJar : add touchsensing
2024-04-13 02:27:01,969 [INFO] IPUIPlugin:64 - create IPUIPlugin
2024-04-13 02:27:01,969 [INFO] PluginManager:200 - loadIPPluginJar : add tracer_emb
2024-04-13 02:27:01,987 [INFO] IPUIPlugin:64 - create IPUIPlugin
2024-04-13 02:27:01,988 [INFO] PluginManager:200 - loadIPPluginJar : add ts
2024-04-13 02:27:02,005 [INFO] IPUIPlugin:64 - create IPUIPlugin
2024-04-13 02:27:02,005 [INFO] PluginManager:200 - loadIPPluginJar : add tsc
2024-04-13 02:27:02,029 [INFO] IPUIPlugin:64 - create IPUIPlugin
2024-04-13 02:27:02,029 [INFO] PluginManager:200 - loadIPPluginJar : add ucpd
2024-04-13 02:27:02,033 [INFO] IPUIPlugin:64 - create IPUIPlugin
2024-04-13 02:27:02,034 [INFO] PluginManager:200 - loadIPPluginJar : add usart
2024-04-13 02:27:03,315 [INFO] CubeProgrammer:457 - [DDR PANEL] - PathOfProgrammer: null
2024-04-13 02:27:04,601 [FATAL] Updater:282 - Updater called before beeing initialized
2024-04-13 02:27:04,877 [FATAL] Updater:282 - Updater called before beeing initialized
2024-04-13 02:27:04,878 [WARN] ThirdParty:775 - waiting for thirdparty lock release [close project]
2024-04-13 02:27:04,878 [INFO] ThirdParty:777 - entering critical section [close project]
2024-04-13 02:27:04,879 [INFO] ThirdParty:790 - exiting critical section [close project]
2024-04-13 02:27:04,882 [INFO] PinOutPanel:1418 - setPackage(No Configuration,No Configuration)
2024-04-13 02:27:04,883 [FATAL] Updater:282 - Updater called before beeing initialized
2024-04-13 02:27:04,898 [ERROR] Updater:967 - MainUpdater not yet initialized. External WinMGr cannot be set.
2024-04-13 02:27:04,899 [INFO] CubeProgrammer:457 - [DDR PANEL] - PathOfProgrammer: D:\STMCube\STM32CubeIDE_1.4.0\STM32CubeIDE\plugins\com.st.stm32cube.ide.mcu.externaltools.cubeprogrammer.win32_1.4.0.202007081208\tools\bin
2024-04-13 02:27:04,906 [INFO] ProgrammerExecThread:148 - [ProgrammerAPI] CubeProgrammer command construction: D:\STMCube\STM32CubeIDE_1.4.0\STM32CubeIDE\plugins\com.st.stm32cube.ide.mcu.externaltools.cubeprogrammer.win32_1.4.0.202007081208\tools\bin\STM32_Programmer_CLI.exe -l
2024-04-13 02:27:05,611 [INFO] MainDdrPanel:49 - [DDR PANEL] SETTER - Set cubeProgrammerPath to: D:\STMCube\STM32CubeIDE_1.4.0\STM32CubeIDE\plugins\com.st.stm32cube.ide.mcu.externaltools.cubeprogrammer.win32_1.4.0.202007081208\tools\bin
2024-04-13 02:27:05,880 [INFO] Updater:904 - Updater Version found : 6.0.0
2024-04-13 02:27:05,954 [INFO] ApplicationProperties:181 - Using Application install path: D:\STMCube\STM32CubeIDE_1.4.0\STM32CubeIDE\plugins\com.st.stm32cube.common.mx_6.0.0.202007160824
2024-04-13 02:27:07,118 [INFO] MainUpdater:2268 - connection check result : 10
2024-04-13 02:27:07,119 [INFO] MainUpdater:239 - Updater Check For Update Now.
2024-04-13 02:27:07,120 [INFO] MicroXplorer:414 - Change Database Version : DB.6.0.0
2024-04-13 02:27:07,210 [INFO] CheckServerUpdateThread:102 - End of CheckServer Thread
2024-04-13 02:27:07,249 [INFO] MainUpdater:2268 - connection check result : 10
2024-04-13 02:27:07,958 [INFO] ServerAccessManage:348 - Download File mcusDocs.json._tmp_
2024-04-13 02:27:08,379 [INFO] LoadUrlFilesThread:135 - End of LoadUrlFiles Thread
2024-04-13 02:27:08,572 [INFO] ServerAccessManage:348 - Download File mcusFeaturesAndDescription.json._tmp_
2024-04-13 02:27:09,665 [WARN] IntegrityCheckThread:61 - waiting for thirdparty lock release [integrity check]
2024-04-13 02:27:09,665 [INFO] IntegrityCheckThread:63 - entering critical section [integrity check]
2024-04-13 02:27:09,665 [WARN] MainUpdater:1087 - Updater busy. Cannot search thirdparties
2024-04-13 02:27:12,665 [WARN] MainUpdater:1087 - Updater busy. Cannot search thirdparties
2024-04-13 02:27:12,764 [INFO] LoadUrlFilesThread:135 - End of LoadUrlFiles Thread
2024-04-13 02:27:12,950 [INFO] ServerAccessManage:348 - Download File boardsDocs.json._tmp_
2024-04-13 02:27:12,982 [INFO] LoadUrlFilesThread:135 - End of LoadUrlFiles Thread
2024-04-13 02:27:13,166 [INFO] ServerAccessManage:348 - Download File boards.json._tmp_
2024-04-13 02:27:13,378 [INFO] LoadUrlFilesThread:135 - End of LoadUrlFiles Thread
2024-04-13 02:27:13,843 [INFO] ServerAccessManage:348 - Download File cube-finder-db.zip
2024-04-13 02:27:15,666 [WARN] MainUpdater:1087 - Updater busy. Cannot search thirdparties
2024-04-13 02:27:18,667 [WARN] MainUpdater:1087 - Updater busy. Cannot search thirdparties
2024-04-13 02:27:21,668 [WARN] MainUpdater:1087 - Updater busy. Cannot search thirdparties
2024-04-13 02:27:24,669 [WARN] MainUpdater:1087 - Updater busy. Cannot search thirdparties
2024-04-13 02:27:27,669 [WARN] MainUpdater:1087 - Updater busy. Cannot search thirdparties
2024-04-13 02:27:27,880 [INFO] FileExtend:225 - Unzip File : cube-finder-db.zip
2024-04-13 02:27:27,882 [INFO] FileExtend:240 - Standard Zip Deflate
2024-04-13 02:27:29,061 [INFO] LoadUrlFilesThread:135 - End of LoadUrlFiles Thread
2024-04-13 02:27:29,483 [INFO] ServerAccessManage:348 - Download File crdb.zip
2024-04-13 02:27:30,004 [INFO] FileExtend:225 - Unzip File : crdb.zip
2024-04-13 02:27:30,006 [INFO] FileExtend:240 - Standard Zip Deflate
2024-04-13 02:27:30,041 [INFO] LoadUrlFilesThread:135 - End of LoadUrlFiles Thread
2024-04-13 02:27:30,670 [WARN] MainUpdater:1087 - Updater busy. Cannot search thirdparties
2024-04-13 02:27:30,763 [INFO] ServerAccessManage:348 - Download File tutoVideoDB.zip
2024-04-13 02:27:30,861 [INFO] FileExtend:225 - Unzip File : tutoVideoDB.zip
2024-04-13 02:27:30,863 [INFO] FileExtend:240 - Standard Zip Deflate
2024-04-13 02:27:30,880 [INFO] LoadUrlFilesThread:135 - End of LoadUrlFiles Thread
2024-04-13 02:27:30,944 [INFO] DbMcusDocs:145 - JSON generation date=Tue Nov 16 18:17:54 EET 2021 (1637079474)
2024-04-13 02:27:30,946 [INFO] DbMcusXml:100 - Load MCU database from D:\STMCube\STM32CubeIDE_1.4.0\STM32CubeIDE\plugins\com.st.stm32cube.common.mx_6.0.0.202007160824\\db\/mcu/families.xml
2024-04-13 02:27:31,846 [INFO] DbMcusJson:92 - JSON generation date=Tue Nov 16 18:17:54 EET 2021 (1637079474)
2024-04-13 02:27:33,913 [INFO] DbMcus:175 - Found 1761 MCUs (1722 are supported by CubeMX, 1911 are visible in CubeMX)
2024-04-13 02:27:33,924 [INFO] ApiDb:201 - Load user favorites file C:\Users\lenovo/.stm32cubemx/favorites.mcus.txt: 0 item(s)
2024-04-13 02:27:33,925 [INFO] ApiDb:205 - User favorites MCUs=[]
2024-04-13 02:27:33,925 [INFO] DbMcus:187 - Set 0 / 0 favorites MCUs
2024-04-13 02:27:34,216 [INFO] ThirdPartyDb:299 - Save Third Party DataBase File (C:/Users/lenovo/.stm32cubemx/plugins/thirdparty/db/thirdparties_db.xml) [forced]
2024-04-13 02:27:34,335 [INFO] ThirdPartyDb:299 - Save Third Party DataBase File (C:/Users/lenovo/.stm32cubemx/plugins/thirdparty/db/thirdparties_db.xml) [forced]
2024-04-13 02:27:34,389 [INFO] IntegrityCheckThread:76 - exiting critical section [integrity check]
2024-04-13 02:27:34,389 [INFO] IntegrityCheckThread:79 - End integrity checks thread
2024-04-13 02:27:34,536 [INFO] DbMcusDocs:81 - Found 682 MCUs documents
2024-04-13 02:27:34,540 [INFO] ApiDb:226 - Save user favorites file C:\Users\lenovo/.stm32cubemx/favorites.mcus.txt: 0 item(s)
2024-04-13 02:27:34,541 [INFO] ApiDb:230 - User favorites MCUs=[]
2024-04-13 02:27:34,541 [INFO] DbMcusXml:100 - Load MCU database from D:\STMCube\STM32CubeIDE_1.4.0\STM32CubeIDE\plugins\com.st.stm32cube.common.mx_6.0.0.202007160824\\db\/mcu/families.xml
2024-04-13 02:27:36,937 [INFO] DbMcusJson:92 - JSON generation date=Tue Nov 16 18:17:54 EET 2021 (1637079474)
2024-04-13 02:27:37,802 [INFO] DbMcus:175 - Found 1761 MCUs (1722 are supported by CubeMX, 1911 are visible in CubeMX)
2024-04-13 02:27:37,802 [INFO] ApiDb:201 - Load user favorites file C:\Users\lenovo/.stm32cubemx/favorites.mcus.txt: 0 item(s)
2024-04-13 02:27:37,803 [INFO] ApiDb:205 - User favorites MCUs=[]
2024-04-13 02:27:37,803 [INFO] DbMcus:187 - Set 0 / 0 favorites MCUs
2024-04-13 02:27:37,813 [INFO] DbBoardsDocs:145 - JSON generation date=Tue Nov 16 18:17:54 EET 2021 (1637079474)
2024-04-13 02:27:37,848 [INFO] DbBoardsPdsc:94 - Found 23 items
2024-04-13 02:27:37,850 [INFO] DbBoardsPdsc:94 - Found 9 items
2024-04-13 02:27:37,854 [INFO] DbBoardsPdsc:94 - Found 29 items
2024-04-13 02:27:37,855 [INFO] DbBoardsPdsc:94 - Found 1 items
2024-04-13 02:27:37,879 [INFO] DbBoardsPdsc:94 - Found 44 items
2024-04-13 02:27:37,898 [INFO] DbBoardsPdsc:94 - Found 40 items
2024-04-13 02:27:37,900 [INFO] DbBoardsPdsc:94 - Found 2 items
2024-04-13 02:27:37,901 [INFO] DbBoardsPdsc:94 - Found 4 items
2024-04-13 02:27:37,909 [WARN] DbBoardsPdsc:258 - Board STM32H7B3I-DK: unknown feature type=Audio, name=, username=Audio stereo codec with Headphone Amp (CS42L51-CNZ), n=1
2024-04-13 02:27:37,910 [WARN] DbBoardsPdsc:258 - Board STM32H735G-DK: unknown feature type=Audio, name=, username=Audio stereo codec with Headphone Amp (WM8994ECS/R), n=1
2024-04-13 02:27:37,912 [WARN] DbBoardsPdsc:258 - Board STM32H7B3I-EVAL: unknown feature type=Audio, name=, username=Multi-Channel Audio Codec (CS42L51-CNZ), n=1
2024-04-13 02:27:37,912 [WARN] DbBoardsPdsc:258 - Board STM32H7B3I-EVAL: unknown feature type=Meter, name=, username=Power-metering and Temperature-monitoring with sigma-delta modulators, n=1
2024-04-13 02:27:37,912 [WARN] DbBoardsPdsc:258 - Board STM32H7B3I-EVAL: unknown feature type=Motor, name=, username=Motor Control, n=1
2024-04-13 02:27:37,957 [INFO] DbBoardsJson:85 - JSON generation date=Tue Nov 16 18:17:54 EET 2021 (1637079474)
2024-04-13 02:27:37,968 [INFO] DbBoards:117 - Found 166 boards (149 are supported by CubeMX)
2024-04-13 02:27:37,970 [INFO] DbBoardsDocs:145 - JSON generation date=Tue Nov 16 18:17:54 EET 2021 (1637079474)
2024-04-13 02:27:37,977 [INFO] DbBoardsDocs:81 - Found 209 boards documents
2024-04-13 02:27:37,979 [WARN] DbBoards:127 - board B-L475E-IOT01A2 has no document id list !
2024-04-13 02:27:37,981 [WARN] DbBoards:127 - board NUCLEO-H743ZI has no document id list !
2024-04-13 02:27:37,983 [WARN] DbBoards:127 - board P-NUCLEO-WB55-Nucleo has no document id list !
2024-04-13 02:27:37,983 [WARN] DbBoards:127 - board P-NUCLEO-WB55-USBDongle has no document id list !
2024-04-13 02:27:37,983 [WARN] DbBoards:127 - board STEVAL-BFA001V1B has no document id list !
2024-04-13 02:27:37,983 [WARN] DbBoards:127 - board STEVAL-BFA001V2B has no document id list !
2024-04-13 02:27:37,983 [WARN] DbBoards:127 - board STEVAL-IDP005V1 has no document id list !
2024-04-13 02:27:37,983 [WARN] DbBoards:127 - board STEVAL-IDP005V2 has no document id list !
2024-04-13 02:27:37,983 [WARN] DbBoards:127 - board STEVAL-MKSBOX1V1 has no document id list !
2024-04-13 02:27:37,983 [WARN] DbBoards:127 - board STEVAL-STWINKT1 has no document id list !
2024-04-13 02:27:37,983 [WARN] DbBoards:127 - board STEVAL-STWINKT1B has no document id list !
2024-04-13 02:27:37,983 [WARN] DbBoards:127 - board STM32439I-EVAL2 has no document id list !
2024-04-13 02:27:37,983 [WARN] DbBoards:127 - board STM32F401C-DISCO has no document id list !
2024-04-13 02:27:37,984 [WARN] DbBoards:127 - board STM32F769I-DISC1 has no document id list !
2024-04-13 02:27:37,985 [WARN] DbBoards:127 - board STM32G474E-EVAL1 has no document id list !
2024-04-13 02:27:37,985 [WARN] DbBoards:127 - board STM32H743I-EVAL2 has no document id list !
2024-04-13 02:27:37,985 [WARN] DbBoards:127 - board STM32H747I-DISC1 has no document id list !
2024-04-13 02:27:37,986 [WARN] DbBoards:127 - board STM32H753I-EVAL2 has no document id list !
2024-04-13 02:27:37,986 [WARN] DbBoards:127 - board STM32L-DISCOVERY has no document id list !
2024-04-13 02:27:38,218 [ERROR] DbBoards:189 - Image file not found for board B-L462E-CELL1: D:\STMCube\STM32CubeIDE_1.4.0\STM32CubeIDE\plugins\com.st.stm32cube.common.mx_6.0.0.202007160824\\db\/plugins/mcufinder/images/boards/B-L462E-CELL1_small.jpg
2024-04-13 02:27:38,295 [ERROR] DbBoards:189 - Image file not found for board B-U585I-IOT02A: D:\STMCube\STM32CubeIDE_1.4.0\STM32CubeIDE\plugins\com.st.stm32cube.common.mx_6.0.0.202007160824\\db\/plugins/mcufinder/images/boards/B-U585I-IOT02A_small.jpg
2024-04-13 02:27:38,445 [ERROR] DbBoards:189 - Image file not found for board NUCLEO-F413ZH: D:\STMCube\STM32CubeIDE_1.4.0\STM32CubeIDE\plugins\com.st.stm32cube.common.mx_6.0.0.202007160824\\db\/plugins/mcufinder/images/boards/nucleo-f413zh_small.jpg
2024-04-13 02:27:38,757 [ERROR] DbBoards:189 - Image file not found for board NUCLEO-L552ZE-Q: D:\STMCube\STM32CubeIDE_1.4.0\STM32CubeIDE\plugins\com.st.stm32cube.common.mx_6.0.0.202007160824\\db\/plugins/mcufinder/images/boards/nucleo_l552ze_q_small.jpg
2024-04-13 02:27:38,757 [ERROR] DbBoards:189 - Image file not found for board NUCLEO-U575ZI-Q: D:\STMCube\STM32CubeIDE_1.4.0\STM32CubeIDE\plugins\com.st.stm32cube.common.mx_6.0.0.202007160824\\db\/plugins/mcufinder/images/boards/nucleo-u575zi-q_small.jpg
2024-04-13 02:27:38,757 [ERROR] DbBoards:189 - Image file not found for board NUCLEO-WB15CC: D:\STMCube\STM32CubeIDE_1.4.0\STM32CubeIDE\plugins\com.st.stm32cube.common.mx_6.0.0.202007160824\\db\/plugins/mcufinder/images/boards/nucleo-wb15cc_small.jpg
2024-04-13 02:27:38,757 [ERROR] DbBoards:189 - Image file not found for board NUCLEO-WB55RG: D:\STMCube\STM32CubeIDE_1.4.0\STM32CubeIDE\plugins\com.st.stm32cube.common.mx_6.0.0.202007160824\\db\/plugins/mcufinder/images/boards/nucleo-wb55rg_small.jpg
2024-04-13 02:27:38,757 [ERROR] DbBoards:189 - Image file not found for board NUCLEO-WL55JC: D:\STMCube\STM32CubeIDE_1.4.0\STM32CubeIDE\plugins\com.st.stm32cube.common.mx_6.0.0.202007160824\\db\/plugins/mcufinder/images/boards/nucleo-wl55jc-small.jpg
2024-04-13 02:27:39,175 [ERROR] DbBoards:189 - Image file not found for board STEVAL-STWINKT1B: D:\STMCube\STM32CubeIDE_1.4.0\STM32CubeIDE\plugins\com.st.stm32cube.common.mx_6.0.0.202007160824\\db\/plugins/mcufinder/images/boards/steval-stwinkt1b_small.jpg
2024-04-13 02:27:40,034 [ERROR] DbBoards:189 - Image file not found for board STM32G0C1E-EV: D:\STMCube\STM32CubeIDE_1.4.0\STM32CubeIDE\plugins\com.st.stm32cube.common.mx_6.0.0.202007160824\\db\/plugins/mcufinder/images/boards/stm32g0c1e-eval_small.jpg
2024-04-13 02:27:40,215 [ERROR] DbBoards:189 - Image file not found for board STM32H7B3I-EVAL: D:\STMCube\STM32CubeIDE_1.4.0\STM32CubeIDE\plugins\com.st.stm32cube.common.mx_6.0.0.202007160824\\db\/plugins/mcufinder/images/boards/stm32h7b3ieval_small.jpg
2024-04-13 02:27:40,527 [ERROR] DbBoards:189 - Image file not found for board STM32U575I-EV: D:\STMCube\STM32CubeIDE_1.4.0\STM32CubeIDE\plugins\com.st.stm32cube.common.mx_6.0.0.202007160824\\db\/plugins/mcufinder/images/boards/stm32u575i-ev_small.jpg
2024-04-13 02:27:40,582 [ERROR] DbBoards:189 - Image file not found for board STM32WB5MM-DK: D:\STMCube\STM32CubeIDE_1.4.0\STM32CubeIDE\plugins\com.st.stm32cube.common.mx_6.0.0.202007160824\\db\/plugins/mcufinder/images/boards/STM32WB5MM-DK_small.jpg
2024-04-13 02:27:40,593 [INFO] ApiDb:201 - Load user favorites file C:\Users\lenovo/.stm32cubemx/favorites.boards.txt: 0 item(s)
2024-04-13 02:27:40,594 [INFO] ApiDb:205 - User favorites Boards=[]
2024-04-13 02:27:40,594 [INFO] DbBoards:206 - Set 0 / 0 favorites Boards
2024-04-13 02:27:40,597 [INFO] DbBoardsDocs:81 - Found 418 boards documents
2024-04-13 02:27:40,597 [INFO] ApiDb:226 - Save user favorites file C:\Users\lenovo/.stm32cubemx/favorites.boards.txt: 0 item(s)
2024-04-13 02:27:40,597 [INFO] ApiDb:230 - User favorites Boards=[]
2024-04-13 02:27:40,601 [INFO] DbBoardsPdsc:94 - Found 23 items
2024-04-13 02:27:40,602 [INFO] DbBoardsPdsc:94 - Found 9 items
2024-04-13 02:27:40,605 [INFO] DbBoardsPdsc:94 - Found 29 items
2024-04-13 02:27:40,606 [INFO] DbBoardsPdsc:94 - Found 1 items
2024-04-13 02:27:40,611 [INFO] DbBoardsPdsc:94 - Found 44 items
2024-04-13 02:27:40,616 [INFO] DbBoardsPdsc:94 - Found 40 items
2024-04-13 02:27:40,617 [INFO] DbBoardsPdsc:94 - Found 2 items
2024-04-13 02:27:40,619 [INFO] DbBoardsPdsc:94 - Found 4 items
2024-04-13 02:27:40,622 [WARN] DbBoardsPdsc:258 - Board STM32H7B3I-DK: unknown feature type=Audio, name=, username=Audio stereo codec with Headphone Amp (CS42L51-CNZ), n=1
2024-04-13 02:27:40,622 [WARN] DbBoardsPdsc:258 - Board STM32H735G-DK: unknown feature type=Audio, name=, username=Audio stereo codec with Headphone Amp (WM8994ECS/R), n=1
2024-04-13 02:27:40,624 [WARN] DbBoardsPdsc:258 - Board STM32H7B3I-EVAL: unknown feature type=Audio, name=, username=Multi-Channel Audio Codec (CS42L51-CNZ), n=1
2024-04-13 02:27:40,624 [WARN] DbBoardsPdsc:258 - Board STM32H7B3I-EVAL: unknown feature type=Meter, name=, username=Power-metering and Temperature-monitoring with sigma-delta modulators, n=1
2024-04-13 02:27:40,624 [WARN] DbBoardsPdsc:258 - Board STM32H7B3I-EVAL: unknown feature type=Motor, name=, username=Motor Control, n=1
2024-04-13 02:27:40,639 [INFO] DbBoardsJson:85 - JSON generation date=Tue Nov 16 18:17:54 EET 2021 (1637079474)
2024-04-13 02:27:40,645 [INFO] DbBoards:117 - Found 166 boards (149 are supported by CubeMX)
2024-04-13 02:27:40,646 [WARN] DbBoards:127 - board B-L475E-IOT01A2 has no document id list !
2024-04-13 02:27:40,646 [WARN] DbBoards:127 - board NUCLEO-H743ZI has no document id list !
2024-04-13 02:27:40,647 [WARN] DbBoards:127 - board P-NUCLEO-WB55-Nucleo has no document id list !
2024-04-13 02:27:40,647 [WARN] DbBoards:127 - board P-NUCLEO-WB55-USBDongle has no document id list !
2024-04-13 02:27:40,647 [WARN] DbBoards:127 - board STEVAL-BFA001V1B has no document id list !
2024-04-13 02:27:40,647 [WARN] DbBoards:127 - board STEVAL-BFA001V2B has no document id list !
2024-04-13 02:27:40,647 [WARN] DbBoards:127 - board STEVAL-IDP005V1 has no document id list !
2024-04-13 02:27:40,647 [WARN] DbBoards:127 - board STEVAL-IDP005V2 has no document id list !
2024-04-13 02:27:40,647 [WARN] DbBoards:127 - board STEVAL-MKSBOX1V1 has no document id list !
2024-04-13 02:27:40,647 [WARN] DbBoards:127 - board STEVAL-STWINKT1 has no document id list !
2024-04-13 02:27:40,647 [WARN] DbBoards:127 - board STEVAL-STWINKT1B has no document id list !
2024-04-13 02:27:40,647 [WARN] DbBoards:127 - board STM32439I-EVAL2 has no document id list !
2024-04-13 02:27:40,648 [WARN] DbBoards:127 - board STM32F401C-DISCO has no document id list !
2024-04-13 02:27:40,648 [WARN] DbBoards:127 - board STM32F769I-DISC1 has no document id list !
2024-04-13 02:27:40,648 [WARN] DbBoards:127 - board STM32G474E-EVAL1 has no document id list !
2024-04-13 02:27:40,648 [WARN] DbBoards:127 - board STM32H743I-EVAL2 has no document id list !
2024-04-13 02:27:40,648 [WARN] DbBoards:127 - board STM32H747I-DISC1 has no document id list !
2024-04-13 02:27:40,648 [WARN] DbBoards:127 - board STM32H753I-EVAL2 has no document id list !
2024-04-13 02:27:40,649 [WARN] DbBoards:127 - board STM32L-DISCOVERY has no document id list !
2024-04-13 02:27:40,691 [ERROR] DbBoards:189 - Image file not found for board B-L462E-CELL1: D:\STMCube\STM32CubeIDE_1.4.0\STM32CubeIDE\plugins\com.st.stm32cube.common.mx_6.0.0.202007160824\\db\/plugins/mcufinder/images/boards/B-L462E-CELL1_small.jpg
2024-04-13 02:27:40,730 [ERROR] DbBoards:189 - Image file not found for board B-U585I-IOT02A: D:\STMCube\STM32CubeIDE_1.4.0\STM32CubeIDE\plugins\com.st.stm32cube.common.mx_6.0.0.202007160824\\db\/plugins/mcufinder/images/boards/B-U585I-IOT02A_small.jpg
2024-04-13 02:27:40,817 [ERROR] DbBoards:189 - Image file not found for board NUCLEO-F413ZH: D:\STMCube\STM32CubeIDE_1.4.0\STM32CubeIDE\plugins\com.st.stm32cube.common.mx_6.0.0.202007160824\\db\/plugins/mcufinder/images/boards/nucleo-f413zh_small.jpg
2024-04-13 02:27:41,015 [ERROR] DbBoards:189 - Image file not found for board NUCLEO-L552ZE-Q: D:\STMCube\STM32CubeIDE_1.4.0\STM32CubeIDE\plugins\com.st.stm32cube.common.mx_6.0.0.202007160824\\db\/plugins/mcufinder/images/boards/nucleo_l552ze_q_small.jpg
2024-04-13 02:27:41,015 [ERROR] DbBoards:189 - Image file not found for board NUCLEO-U575ZI-Q: D:\STMCube\STM32CubeIDE_1.4.0\STM32CubeIDE\plugins\com.st.stm32cube.common.mx_6.0.0.202007160824\\db\/plugins/mcufinder/images/boards/nucleo-u575zi-q_small.jpg
2024-04-13 02:27:41,015 [ERROR] DbBoards:189 - Image file not found for board NUCLEO-WB15CC: D:\STMCube\STM32CubeIDE_1.4.0\STM32CubeIDE\plugins\com.st.stm32cube.common.mx_6.0.0.202007160824\\db\/plugins/mcufinder/images/boards/nucleo-wb15cc_small.jpg
2024-04-13 02:27:41,015 [ERROR] DbBoards:189 - Image file not found for board NUCLEO-WB55RG: D:\STMCube\STM32CubeIDE_1.4.0\STM32CubeIDE\plugins\com.st.stm32cube.common.mx_6.0.0.202007160824\\db\/plugins/mcufinder/images/boards/nucleo-wb55rg_small.jpg
2024-04-13 02:27:41,016 [ERROR] DbBoards:189 - Image file not found for board NUCLEO-WL55JC: D:\STMCube\STM32CubeIDE_1.4.0\STM32CubeIDE\plugins\com.st.stm32cube.common.mx_6.0.0.202007160824\\db\/plugins/mcufinder/images/boards/nucleo-wl55jc-small.jpg
2024-04-13 02:27:41,159 [ERROR] DbBoards:189 - Image file not found for board STEVAL-STWINKT1B: D:\STMCube\STM32CubeIDE_1.4.0\STM32CubeIDE\plugins\com.st.stm32cube.common.mx_6.0.0.202007160824\\db\/plugins/mcufinder/images/boards/steval-stwinkt1b_small.jpg
2024-04-13 02:27:41,435 [ERROR] DbBoards:189 - Image file not found for board STM32G0C1E-EV: D:\STMCube\STM32CubeIDE_1.4.0\STM32CubeIDE\plugins\com.st.stm32cube.common.mx_6.0.0.202007160824\\db\/plugins/mcufinder/images/boards/stm32g0c1e-eval_small.jpg
2024-04-13 02:27:41,530 [ERROR] DbBoards:189 - Image file not found for board STM32H7B3I-EVAL: D:\STMCube\STM32CubeIDE_1.4.0\STM32CubeIDE\plugins\com.st.stm32cube.common.mx_6.0.0.202007160824\\db\/plugins/mcufinder/images/boards/stm32h7b3ieval_small.jpg
2024-04-13 02:27:41,706 [ERROR] DbBoards:189 - Image file not found for board STM32U575I-EV: D:\STMCube\STM32CubeIDE_1.4.0\STM32CubeIDE\plugins\com.st.stm32cube.common.mx_6.0.0.202007160824\\db\/plugins/mcufinder/images/boards/stm32u575i-ev_small.jpg
2024-04-13 02:27:41,733 [ERROR] DbBoards:189 - Image file not found for board STM32WB5MM-DK: D:\STMCube\STM32CubeIDE_1.4.0\STM32CubeIDE\plugins\com.st.stm32cube.common.mx_6.0.0.202007160824\\db\/plugins/mcufinder/images/boards/STM32WB5MM-DK_small.jpg
2024-04-13 02:27:41,734 [INFO] ApiDb:201 - Load user favorites file C:\Users\lenovo/.stm32cubemx/favorites.boards.txt: 0 item(s)
2024-04-13 02:27:41,734 [INFO] ApiDb:205 - User favorites Boards=[]
2024-04-13 02:27:41,734 [INFO] DbBoards:206 - Set 0 / 0 favorites Boards
2024-04-13 02:27:41,903 [INFO] DbExamplesSqlite:156 - SQLite db open (C:\Users\lenovo\.stmcufinder\plugins\mcufinder\mcu\cube-finder-db.db)
2024-04-13 02:27:43,095 [INFO] DbExamplesSqlite:447 - Ignored 0 examples not supported by CubeIDE
2024-04-13 02:27:43,096 [INFO] DbExamplesSqlite:448 - Found 8152 examples active
2024-04-13 02:27:43,096 [INFO] DbExamplesSqlite:449 - Found 871 examples obsolete
2024-04-13 02:27:43,096 [INFO] DbExamplesSqlite:450 - Found 0 examples under development
2024-04-13 02:27:43,096 [INFO] DbExamplesSqlite:451 - Found 10 examples not building
2024-04-13 02:27:43,205 [INFO] DbExamplesSqlite:130 - SQLite Data Model version=2.1
2024-04-13 02:27:43,205 [INFO] DbExamplesSqlite:131 - SQLite Configuration version=3.0.39
2024-04-13 02:27:43,206 [INFO] DbExamplesSqlite:132 - SQLite generation date=2024-03-25 (1711369621)
2024-04-13 02:27:43,206 [INFO] DbExamplesSqlite:133 - SQLite FW Pack versions=[FP-ATR-ASTRA1_V2.0.0, FP-SNS-FLIGHT1_V5.0.1, FP-SNS-FLIGHT1_V5.0.2, FP-SNS-MOTENV1_V4.3.1, FP-SNS-MOTENV1_V4.3.2, FP-SNS-MOTENVWB1_V1.3.1, FP-SNS-SMARTAG2_V1.2.0, STM32Cube_FW_C0_V1.1.0, STM32Cube_FW_F4_V1.28.0, STM32Cube_FW_F7_V1.17.0, STM32Cube_FW_G0_V1.6.2, STM32Cube_FW_G4_V1.5.2, STM32Cube_FW_H5_V0.5.1, STM32Cube_FW_H5_V1.1.1, STM32Cube_FW_H5_V1.2.0, STM32Cube_FW_H5_V1.2.0RC4, STM32Cube_FW_H7RS_V1.0.0, STM32Cube_FW_H7RS_V1.0.0RC4, STM32Cube_FW_H7_V1.11.0, STM32Cube_FW_L0_V1.12.2, STM32Cube_FW_L5_V1.5.1, STM32Cube_FW_U0_V1.0.0, STM32Cube_FW_U0_V1.0.0RC1, STM32Cube_FW_U5_V1.3.0RC4, STM32Cube_FW_U5_V1.5.0, STM32Cube_FW_U5_V1.5.0RC1, STM32Cube_FW_WBA_V1.0.0RC1, STM32Cube_FW_WBA_V1.2.0, STM32Cube_FW_WBA_V1.2.0RC2, STM32Cube_FW_WBA_V1.3.0, STM32Cube_FW_WBA_V1.3.0RC1, STM32Cube_FW_WB_V1.15.0RC1, STM32Cube_FW_WB_V1.16.0, STM32Cube_FW_WB_V1.16.0RC2, STM32Cube_FW_WB_V1.18.0, STM32Cube_FW_WB_V1.19.0, STM32Cube_FW_WL_V1.3.0, X-CUBE-ALGOBUILD_V1.3.0, X-CUBE-ALS_V1.0.1, X-CUBE-AZRTOS-F4_V1.1.0, X-CUBE-AZRTOS-F7_V1.1.0, X-CUBE-AZRTOS-G0_V1.1.0, X-CUBE-AZRTOS-G4_V2.0.0, X-CUBE-AZRTOS-H7_V3.2.0, X-CUBE-AZRTOS-L4_V1.0.0, X-CUBE-AZRTOS-L4_V2.0.0, X-CUBE-AZRTOS-L5_V1.1.0, X-CUBE-AZRTOS-WB_V2.0.0, X-CUBE-AZRTOS-WL_V2.0.0, X-CUBE-BLE1_V7.0.0, X-CUBE-BLE2_V3.3.0, X-CUBE-BLEMGR_V3.1.0, X-CUBE-EEPRMA1_V4.1.0, X-CUBE-EEPRMA1_V5.1.0, X-CUBE-FREERTOS_V1.1.0, X-CUBE-GNSS1_V6.0.0, X-CUBE-MEMS1_V10.0.0, X-CUBE-MEMS1_V9.1.0, X-CUBE-MEMS1_V9.4.0, X-CUBE-MEMS1_V9.6.0, X-CUBE-NFC4_V3.0.0, X-CUBE-NFC7_V1.0.1, X-CUBE-SFXS2LP1_V4.0.0, X-CUBE-SUBG2_V5.0.0, X-CUBE-TOF1_V3.4.0]
2024-04-13 02:27:43,207 [INFO] DbExamples:123 - Found 8162 examples
2024-04-13 02:27:44,055 [ERROR] DbExamples:199 - Found 8162 examples with invalid data (board or MCU)
2024-04-13 02:27:44,056 [INFO] DbExamples:215 - Found 77 boards with related examples
2024-04-13 02:27:44,056 [INFO] DbExamples:228 - Found 0 MCUs with related examples
2024-04-13 02:27:44,088 [INFO] ApiDb:192 - User favorites file not found: C:\Users\lenovo/.stm32cubemx/favorites.examples.txt
2024-04-13 02:27:44,088 [INFO] DbExamples:249 - Set 0 / 0 favorites Examples
2024-04-13 02:27:44,770 [INFO] McuFinderGlobals:40 - Set McuFinder mode to 2 (CubeIDE integrated)
2024-04-13 02:27:45,251 [INFO] CrossSelectorPresenter:1330 - Cross Selector saved comparison directory: C:\Users\lenovo\.stmcufinder\plugins\mcufinder\mcu\cs_comparisons_mx
2024-04-13 02:27:45,257 [INFO] MultiScanPanel:193 - Auto-refresh data requested => check proxy status ongoing
2024-04-13 02:27:45,260 [INFO] FinderPluginLoader:87 - Searching for filters in installed packs
2024-04-13 02:27:46,059 [INFO] LoadUrlFilesThread:162 - End of LoadServerUrlFiles without Thread
2024-04-13 02:27:46,102 [INFO] DetailPanel:331 - Set advertising image to C:/Users/lenovo/STM32Cube/Repository/\stm32cubemx-promo_image.jpg
2024-04-13 02:27:46,613 [INFO] McuFilterPanel:245 - Update 0 favorites MCUs
2024-04-13 02:28:03,741 [INFO] LogOutputStream:76 - [STDOUT_REDIRECT] withoutVersionV1.8.4
2024-04-13 02:28:03,742 [INFO] LogOutputStream:76 - [STDOUT_REDIRECT] withoutVersionV1.8.3
2024-04-13 02:28:03,743 [INFO] LogOutputStream:76 - [STDOUT_REDIRECT] withoutVersionV1.8.2
2024-04-13 02:28:03,743 [INFO] LogOutputStream:76 - [STDOUT_REDIRECT] withoutVersionV1.8.1
2024-04-13 02:28:03,744 [INFO] LogOutputStream:76 - [STDOUT_REDIRECT] withoutVersionV1.8.0
2024-04-13 02:28:19,169 [INFO] ApiDb:226 - Save user favorites file C:\Users\lenovo/.stm32cubeide/favorites.mcus.txt: 0 item(s)
2024-04-13 02:28:19,170 [INFO] ApiDb:230 - User favorites MCUs=[]
